<?xml version="1.0" encoding="UTF-8"?>
<!-- Generated by org.testng.reporters.JUnitReportReporter -->
<testsuite hostname="DESKTOP-DHEM1RL" failures="0" tests="1" name="test_scripts.TestScript2" time="5.991" errors="0" timestamp="2023-05-26T15:43:09 IST" skipped="0">
  <testcase classname="test_scripts.TestScript2" name="login" time="5.991"/>
  <system-out/>
</testsuite> <!-- test_scripts.TestScript2 -->
