<?xml version="1.0" encoding="UTF-8"?>
<!-- Generated by org.testng.reporters.JUnitReportReporter -->
<testsuite hostname="DESKTOP-DHEM1RL" failures="0" tests="1" name="test_scripts.ExtentReport1" time="0.388" errors="0" timestamp="2023-05-27T15:29:29 IST" skipped="0">
  <testcase classname="test_scripts.ExtentReport1" name="test1" time="0.388"/>
  <system-out/>
</testsuite> <!-- test_scripts.ExtentReport1 -->
