<?xml version="1.0" encoding="UTF-8"?>
<!-- Generated by org.testng.reporters.JUnitReportReporter -->
<testsuite hostname="DESKTOP-DHEM1RL" failures="0" tests="2" name="test_scripts.TestScript1" time="6.632" errors="0" timestamp="2023-05-26T15:39:30 IST" skipped="0">
  <testcase classname="test_scripts.TestScript1" name="login" time="3.951"/>
  <system-out/>
  <testcase classname="test_scripts.TestScript1" name="login" time="2.681"/>
  <system-out/>
</testsuite> <!-- test_scripts.TestScript1 -->
