<?xml version="1.0" encoding="UTF-8"?>
<!-- Generated by org.testng.reporters.JUnitReportReporter -->
<testsuite hostname="DESKTOP-DHEM1RL" failures="0" tests="2" name="qsp2.ParallelExec" time="12.058" errors="0" timestamp="2023-05-22T15:23:12 IST" skipped="0">
  <testcase classname="qsp2.ParallelExec" name="test" time="7.665"/>
  <system-out/>
  <testcase classname="qsp2.ParallelExec" name="test" time="4.393"/>
  <system-out/>
</testsuite> <!-- qsp2.ParallelExec -->
