<?xml version="1.0" encoding="UTF-8"?>
<!-- Generated by org.testng.reporters.JUnitReportReporter -->
<testsuite hostname="DESKTOP-DHEM1RL" failures="0" tests="1" name="qsp1.VerifivationUsingAssert" time="6.600" errors="0" timestamp="2023-05-16T15:34:40 IST" skipped="0">
  <testcase classname="qsp1.VerifivationUsingAssert" name="login" time="6.600"/>
  <system-out/>
</testsuite> <!-- qsp1.VerifivationUsingAssert -->
