<?xml version="1.0" encoding="UTF-8"?>
<!-- Generated by org.testng.reporters.JUnitReportReporter -->
<testsuite hostname="DESKTOP-DHEM1RL" failures="0" tests="1" name="qsp2.PropertyFilepgm" time="0.009" errors="0" timestamp="2023-05-20T12:09:59 IST" skipped="0">
  <testcase classname="qsp2.PropertyFilepgm" name="test1" time="0.009"/>
  <system-out/>
</testsuite> <!-- qsp2.PropertyFilepgm -->
